
--- Evaluation Summary ---
Dataset: beauty
BM25 index file: /home/kacharya33/nanoGenRec/bm25_indexes/beauty_index
Metrics: {'recall@5': 0.04333050127442651, 'ndcg@5': 0.023179244762936268, 'mrr': 0.016472894215147044}
Running job for dataset: toys, data family: amazon, k: 5, split: test, bm25_index_name: toys_index
WARNING:2025-05-22 12:55:58,868:jax._src.xla_bridge:967: An NVIDIA GPU may be present on this machine, but a CUDA-enabled jaxlib is not installed. Falling back to cpu.


--- Evaluation Summary ---
Dataset: toys
BM25 index file: /home/kacharya33/nanoGenRec/bm25_indexes/toys_index
Metrics: {'recall@5': 0.05212683681361176, 'ndcg@5': 0.026660292010049123, 'mrr': 0.0182822033170061}
Running job for dataset: sports, data family: amazon, k: 5, split: test, bm25_index_name: sports_index
WARNING:2025-05-22 12:59:12,984:jax._src.xla_bridge:967: An NVIDIA GPU may be present on this machine, but a CUDA-enabled jaxlib is not installed. Falling back to cpu.
                                                                       
Evaluating Text-Based Last Similar Recommendations:
------------------------------
{'recall@5': 0.021153467988875466, 'ndcg@5': 0.011012792672956575, 'mrr': 0.007661226133288385}
------------------------------
Per-user metrics saved to /home/kacharya33/nanoGenRec/peruser_metrics/LIS/bm25/sports.jsonl

--- Evaluation Summary ---
Dataset: sports
BM25 index file: /home/kacharya33/nanoGenRec/bm25_indexes/sports_index
Metrics: {'recall@5': 0.021153467988875466, 'ndcg@5': 0.011012792672956575, 'mrr': 0.007661226133288385}
